<?xml version="1.0" encoding="UTF-8"?>
<!-- Generated by org.testng.reporters.JUnitReportReporter -->
<testsuite hostname="reyansh" failures="0" tests="1" name="com.automation.apitesting.ValidatePostAPIRequest" time="2.519" errors="0" timestamp="2025-01-31T12:10:12 GMT-05:00" skipped="0">
  <testcase classname="com.automation.apitesting.ValidatePostAPIRequest" name="CreateBooking" time="2.519"/>
  <system-out/>
</testsuite> <!-- com.automation.apitesting.ValidatePostAPIRequest -->
