<?xml version="1.0" encoding="UTF-8"?>
<!-- Generated by org.testng.reporters.JUnitReportReporter -->
<testsuite hostname="reyansh" failures="0" tests="1" name="com.automation.apitesting.ValidateGetAPIRequest" time="2.109" errors="0" timestamp="2025-01-30T12:07:05 GMT-05:00" skipped="0">
  <testcase classname="com.automation.apitesting.ValidateGetAPIRequest" name="ValidateGetRequest" time="2.109"/>
</testsuite> <!-- com.automation.apitesting.ValidateGetAPIRequest -->
