<?xml version="1.0" encoding="UTF-8"?>
<!-- Generated by org.testng.reporters.JUnitReportReporter -->
<testsuite hostname="reyansh" failures="0" tests="1" name="com.automation.apitesting.ValidatePostAPIWithTextFile" time="2.145" errors="0" timestamp="2025-02-01T06:42:32 GMT-05:00" skipped="0">
  <testcase classname="com.automation.apitesting.ValidatePostAPIWithTextFile" name="CreateBooking" time="2.145"/>
  <system-out/>
</testsuite> <!-- com.automation.apitesting.ValidatePostAPIWithTextFile -->
